2024-07-14 14:16:33,384 INFO  [main]  com.kss.KssAmbalajApplicationTests:Starting KssAmbalajApplicationTests using Java 18.0.2.1 on DESKTOP-PDIF9H6 with PID 13300 (started by sadik in C:\Users\sadik\Desktop\kss_ambalaj)
2024-07-14 14:16:33,397 INFO  [main]  com.kss.KssAmbalajApplicationTests:The following 1 profile is active: "dev"
2024-07-14 14:16:37,101 INFO  [main]  org.springframework.data.repository.config.RepositoryConfigurationDelegate:Bootstrapping Spring Data JPA repositories in DEFAULT mode.
2024-07-14 14:16:37,556 INFO  [main]  org.springframework.data.repository.config.RepositoryConfigurationDelegate:Finished Spring Data repository scanning in 423 ms. Found 19 JPA repository interfaces.
2024-07-14 14:16:39,433 INFO  [main]  org.hibernate.jpa.internal.util.LogHelper:HHH000204: Processing PersistenceUnitInfo [name: default]
2024-07-14 14:16:39,666 INFO  [main]  org.hibernate.Version:HHH000412: Hibernate ORM core version 5.6.14.Final
2024-07-14 14:16:40,345 INFO  [main]  org.hibernate.annotations.common.Version:HCANN000001: Hibernate Commons Annotations {5.1.2.Final}
2024-07-14 14:16:40,933 INFO  [main]  com.zaxxer.hikari.HikariDataSource:HikariPool-1 - Starting...
2024-07-14 14:16:41,598 INFO  [main]  com.zaxxer.hikari.HikariDataSource:HikariPool-1 - Start completed.
2024-07-14 14:16:41,659 INFO  [main]  org.hibernate.dialect.Dialect:HHH000400: Using dialect: org.hibernate.dialect.PostgreSQLDialect
2024-07-14 14:16:44,700 INFO  [main]  org.hibernate.orm.connections.access:HHH10001501: Connection obtained from JdbcConnectionAccess [org.hibernate.engine.jdbc.env.internal.JdbcEnvironmentInitiator$ConnectionProviderJdbcConnectionAccess@1f1e15de] for (non-JTA) DDL execution was not in auto-commit mode; the Connection 'local transaction' will be committed and the Connection will be set into auto-commit mode.
2024-07-14 14:16:45,686 INFO  [main]  org.hibernate.engine.transaction.jta.platform.internal.JtaPlatformInitiator:HHH000490: Using JtaPlatform implementation: [org.hibernate.engine.transaction.jta.platform.internal.NoJtaPlatform]
2024-07-14 14:16:45,711 INFO  [main]  org.springframework.orm.jpa.LocalContainerEntityManagerFactoryBean:Initialized JPA EntityManagerFactory for persistence unit 'default'
2024-07-14 14:16:49,366 INFO  [main]  org.springframework.security.web.DefaultSecurityFilterChain:Will secure any request with [org.springframework.security.web.session.DisableEncodeUrlFilter@17a89cb1, org.springframework.security.web.context.request.async.WebAsyncManagerIntegrationFilter@68fec965, org.springframework.security.web.context.SecurityContextPersistenceFilter@6b9b9cb9, org.springframework.security.web.header.HeaderWriterFilter@69c7fb94, org.springframework.security.web.authentication.logout.LogoutFilter@2524f9bf, com.kss.security.jwt.AuthTokenFilter@77d7d2d0, org.springframework.security.web.savedrequest.RequestCacheAwareFilter@72b4ecb2, org.springframework.security.web.servletapi.SecurityContextHolderAwareRequestFilter@457dc809, org.springframework.security.web.authentication.AnonymousAuthenticationFilter@7af5ce66, org.springframework.security.web.session.SessionManagementFilter@b9c8678, org.springframework.security.web.access.ExceptionTranslationFilter@276b68af, org.springframework.security.web.access.intercept.FilterSecurityInterceptor@5d4af473]
2024-07-14 14:16:50,108 WARN  [main]  org.springframework.boot.autoconfigure.orm.jpa.JpaBaseConfiguration$JpaWebConfiguration:spring.jpa.open-in-view is enabled by default. Therefore, database queries may be performed during view rendering. Explicitly configure spring.jpa.open-in-view to disable this warning
2024-07-14 14:16:54,255 WARN  [main]  org.springframework.security.config.annotation.web.builders.WebSecurity:You are asking Spring Security to ignore Ant [pattern='/v3/api-docs/**']. This is not recommended -- please use permitAll via HttpSecurity#authorizeHttpRequests instead.
2024-07-14 14:16:54,256 INFO  [main]  org.springframework.security.web.DefaultSecurityFilterChain:Will not secure Ant [pattern='/v3/api-docs/**']
2024-07-14 14:16:54,258 WARN  [main]  org.springframework.security.config.annotation.web.builders.WebSecurity:You are asking Spring Security to ignore Ant [pattern='swagger-ui.html']. This is not recommended -- please use permitAll via HttpSecurity#authorizeHttpRequests instead.
2024-07-14 14:16:54,258 INFO  [main]  org.springframework.security.web.DefaultSecurityFilterChain:Will not secure Ant [pattern='swagger-ui.html']
2024-07-14 14:16:54,259 WARN  [main]  org.springframework.security.config.annotation.web.builders.WebSecurity:You are asking Spring Security to ignore Ant [pattern='/swagger-ui/**']. This is not recommended -- please use permitAll via HttpSecurity#authorizeHttpRequests instead.
2024-07-14 14:16:54,260 INFO  [main]  org.springframework.security.web.DefaultSecurityFilterChain:Will not secure Ant [pattern='/swagger-ui/**']
2024-07-14 14:16:54,260 WARN  [main]  org.springframework.security.config.annotation.web.builders.WebSecurity:You are asking Spring Security to ignore Ant [pattern='/']. This is not recommended -- please use permitAll via HttpSecurity#authorizeHttpRequests instead.
2024-07-14 14:16:54,261 INFO  [main]  org.springframework.security.web.DefaultSecurityFilterChain:Will not secure Ant [pattern='/']
2024-07-14 14:16:54,261 WARN  [main]  org.springframework.security.config.annotation.web.builders.WebSecurity:You are asking Spring Security to ignore Ant [pattern='index.html']. This is not recommended -- please use permitAll via HttpSecurity#authorizeHttpRequests instead.
2024-07-14 14:16:54,261 INFO  [main]  org.springframework.security.web.DefaultSecurityFilterChain:Will not secure Ant [pattern='index.html']
2024-07-14 14:16:54,262 WARN  [main]  org.springframework.security.config.annotation.web.builders.WebSecurity:You are asking Spring Security to ignore Ant [pattern='/images/**']. This is not recommended -- please use permitAll via HttpSecurity#authorizeHttpRequests instead.
2024-07-14 14:16:54,263 INFO  [main]  org.springframework.security.web.DefaultSecurityFilterChain:Will not secure Ant [pattern='/images/**']
2024-07-14 14:16:54,265 WARN  [main]  org.springframework.security.config.annotation.web.builders.WebSecurity:You are asking Spring Security to ignore Ant [pattern='/css/**']. This is not recommended -- please use permitAll via HttpSecurity#authorizeHttpRequests instead.
2024-07-14 14:16:54,265 INFO  [main]  org.springframework.security.web.DefaultSecurityFilterChain:Will not secure Ant [pattern='/css/**']
2024-07-14 14:16:54,265 WARN  [main]  org.springframework.security.config.annotation.web.builders.WebSecurity:You are asking Spring Security to ignore Ant [pattern='/js/**']. This is not recommended -- please use permitAll via HttpSecurity#authorizeHttpRequests instead.
2024-07-14 14:16:54,266 INFO  [main]  org.springframework.security.web.DefaultSecurityFilterChain:Will not secure Ant [pattern='/js/**']
2024-07-14 14:16:54,404 INFO  [main]  org.springframework.boot.actuate.endpoint.web.EndpointLinksResolver:Exposing 15 endpoint(s) beneath base path '/actuator'
2024-07-14 14:16:54,613 INFO  [main]  com.kss.KssAmbalajApplicationTests:Started KssAmbalajApplicationTests in 22.377 seconds (JVM running for 25.379)
2024-07-14 14:16:55,701 INFO  [SpringApplicationShutdownHook]  org.springframework.orm.jpa.LocalContainerEntityManagerFactoryBean:Closing JPA EntityManagerFactory for persistence unit 'default'
2024-07-14 14:16:55,707 INFO  [SpringApplicationShutdownHook]  com.zaxxer.hikari.HikariDataSource:HikariPool-1 - Shutdown initiated...
2024-07-14 14:16:55,723 INFO  [SpringApplicationShutdownHook]  com.zaxxer.hikari.HikariDataSource:HikariPool-1 - Shutdown completed.
